<?xml version="1.0" encoding="UTF-8"?>
<!-- Generated by org.testng.reporters.JUnitReportReporter -->
<testsuite hostname="_tejasgulhane_" failures="0" tests="1" name="com.Mvn.GeneralDevice_RealDevice" time="46.077" errors="0" timestamp="2024-01-04T01:12:00 IST" skipped="0">
  <testcase classname="com.Mvn.GeneralDevice_RealDevice" name="test" time="46.077"/>
</testsuite> <!-- com.Mvn.GeneralDevice_RealDevice -->
