<?xml version="1.0" encoding="UTF-8"?>
<!-- Generated by org.testng.reporters.JUnitReportReporter -->
<testsuite hostname="_tejasgulhane_" failures="0" tests="1" name="com.Mvn.facebookRegistration" time="8.811" errors="0" timestamp="2024-01-05T15:05:01 IST" skipped="0">
  <testcase classname="com.Mvn.facebookRegistration" name="registration" time="8.811"/>
</testsuite> <!-- com.Mvn.facebookRegistration -->
