<?xml version="1.0" encoding="UTF-8"?>
<!-- Generated by org.testng.reporters.JUnitReportReporter -->
<testsuite hostname="_tejasgulhane_" failures="0" tests="1" name="com.Mvn.ApiDemosMainFile" time="30.618" errors="0" timestamp="2024-01-04T02:29:42 IST" skipped="0">
  <testcase classname="com.Mvn.ApiDemosMainFile" name="longpress" time="30.618"/>
</testsuite> <!-- com.Mvn.ApiDemosMainFile -->
